# Vertex program:
ATTRIB symbol_MVPmatrix_col0 = vertex.attrib[0]; # FIXME: Change to correct index
ATTRIB symbol_MVPmatrix_col1 = vertex.attrib[1]; # FIXME: Change to correct index
ATTRIB symbol_MVPmatrix_col2 = vertex.attrib[2]; # FIXME: Change to correct index
ATTRIB symbol_MVPmatrix_col3 = vertex.attrib[3]; # FIXME: Change to correct index
ATTRIB symbol_vertex = vertex.attrib[4]; # FIXME: Change to correct index
ATTRIB symbol_vertexColor = vertex.attrib[5]; # FIXME: Change to correct index
ATTRIB symbol_vertexTexcoord = vertex.attrib[6]; # FIXME: Change to correct index
OUTPUT symbol_outColor = result.texcoord[0]; # FIXME: Change to correct index
OUTPUT symbol_texcoord = result.texcoord[1]; # FIXME: Change to correct index
OUTPUT symbol_gl_Position = result.position;
TEMP tempvar_4;

MOV symbol_outColor, symbol_vertexColor
MOV symbol_texcoord, symbol_vertexTexcoord
DP4 tempvar_4.w, symbol_vertex, symbol_MVPmatrix_col3
DP4 tempvar_4.x, symbol_vertex, symbol_MVPmatrix_col0
DP4 tempvar_4.y, symbol_vertex, symbol_MVPmatrix_col1
DP4 tempvar_4.z, symbol_vertex, symbol_MVPmatrix_col2
MOV symbol_gl_Position, tempvar_4


# Fragment program:
ATTRIB symbol_outColor = fragment.texcoord[0]; # FIXME: Change to correct index
ATTRIB symbol_texcoord = fragment.texcoord[1]; # FIXME: Change to correct index
OUTPUT symbol_gl_FragColor = result.color;
PARAM const_vec4_0x5_0x5_0x5_0x5 = { 0.5, 0.5, 0.5, 0.5 };
TEMP symbol_texcolor;
TEMP tempvar_10;
TEMP tempvar_5;
TEMP tempvar_7;
TEMP tempvar_8;
TEMP tempvar_9;

MOV tempvar_7, symbol_texcoord
TEX tempvar_5, tempvar_7, texture[0], 2D # FIXME: Change to correct texture (symbol_tex)
MOV tempvar_8, tempvar_5
MOV symbol_texcolor, tempvar_8
ADD tempvar_9, symbol_texcolor, symbol_outColor
MUL tempvar_10, tempvar_9, const_vec4_0x5_0x5_0x5_0x5
MOV symbol_gl_FragColor, tempvar_10


